The system is: Windows - 10.0.17763 - AMD64
Compiling the C compiler identification source file "CMakeCCompilerId.c" succeeded.
Compiler: C:/Program Files (x86)/Microsoft Visual Studio/2019/Enterprise/VC/Tools/MSVC/14.22.27905/bin/Hostx86/x86/cl.exe 
Build flags: 
Id flags:  

The output was:
0
Microsoft (R) C/C++-Optimierungscompiler Version 19.22.27905 für x86
Copyright (C) Microsoft Corporation. Alle Rechte vorbehalten.

CMakeCCompilerId.c
Microsoft (R) Incremental Linker Version 14.22.27905.0
Copyright (C) Microsoft Corporation.  All rights reserved.

/out:CMakeCCompilerId.exe 
CMakeCCompilerId.obj 


Compilation of the C compiler identification source "CMakeCCompilerId.c" produced "CMakeCCompilerId.exe"

Compilation of the C compiler identification source "CMakeCCompilerId.c" produced "CMakeCCompilerId.obj"

The C compiler identification is MSVC, found in "C:/Users/User/Desktop/assignment-5-processes-and-threads-danielandricic/untitled/cmake-build-debug/CMakeFiles/3.15.3/CompilerIdC/CMakeCCompilerId.exe"

Determining if the C compiler works passed with the following output:
Change Dir: C:/Users/User/Desktop/assignment-5-processes-and-threads-danielandricic/untitled/cmake-build-debug/CMakeFiles/CMakeTmp

Run Build Command(s):nmake /nologo cmTC_47fcb\fast && 	"C:\Program Files (x86)\Microsoft Visual Studio\2019\Enterprise\VC\Tools\MSVC\14.22.27905\bin\HostX86\x86\nmake.exe" -f CMakeFiles\cmTC_47fcb.dir\build.make /nologo -L                  CMakeFiles\cmTC_47fcb.dir\build
Building C object CMakeFiles/cmTC_47fcb.dir/testCCompiler.c.obj
	C:\PROGRA~2\MICROS~2\2019\ENTERP~1\VC\Tools\MSVC\1422~1.279\bin\Hostx86\x86\cl.exe @C:\Users\User\AppData\Local\Temp\nmABA0.tmp
testCCompiler.c
Linking C executable cmTC_47fcb.exe
	"D:\Programme\CLion\CLion 2019.2.5\bin\cmake\win\bin\cmake.exe" -E vs_link_exe --intdir=CMakeFiles\cmTC_47fcb.dir --rc="D:\Windows Kits\10\bin\10.0.17763.0\x86\rc.exe" --mt="D:\Windows Kits\10\bin\10.0.17763.0\x86\mt.exe" --manifests  -- C:\PROGRA~2\MICROS~2\2019\ENTERP~1\VC\Tools\MSVC\1422~1.279\bin\Hostx86\x86\link.exe /nologo @CMakeFiles\cmTC_47fcb.dir\objects1.rsp @C:\Users\User\AppData\Local\Temp\nmAD28.tmp



Detecting C compiler ABI info compiled with the following output:
Change Dir: C:/Users/User/Desktop/assignment-5-processes-and-threads-danielandricic/untitled/cmake-build-debug/CMakeFiles/CMakeTmp

Run Build Command(s):nmake /nologo cmTC_ad5a6\fast && 	"C:\Program Files (x86)\Microsoft Visual Studio\2019\Enterprise\VC\Tools\MSVC\14.22.27905\bin\HostX86\x86\nmake.exe" -f CMakeFiles\cmTC_ad5a6.dir\build.make /nologo -L                  CMakeFiles\cmTC_ad5a6.dir\build
Building C object CMakeFiles/cmTC_ad5a6.dir/CMakeCCompilerABI.c.obj
	C:\PROGRA~2\MICROS~2\2019\ENTERP~1\VC\Tools\MSVC\1422~1.279\bin\Hostx86\x86\cl.exe @C:\Users\User\AppData\Local\Temp\nmB584.tmp
CMakeCCompilerABI.c
Linking C executable cmTC_ad5a6.exe
	"D:\Programme\CLion\CLion 2019.2.5\bin\cmake\win\bin\cmake.exe" -E vs_link_exe --intdir=CMakeFiles\cmTC_ad5a6.dir --rc="D:\Windows Kits\10\bin\10.0.17763.0\x86\rc.exe" --mt="D:\Windows Kits\10\bin\10.0.17763.0\x86\mt.exe" --manifests  -- C:\PROGRA~2\MICROS~2\2019\ENTERP~1\VC\Tools\MSVC\1422~1.279\bin\Hostx86\x86\link.exe /nologo @CMakeFiles\cmTC_ad5a6.dir\objects1.rsp @C:\Users\User\AppData\Local\Temp\nmB892.tmp



